<?xml version="1.0" encoding="UTF-8"?>
<!-- Generated by org.testng.reporters.JUnitReportReporter -->
<testsuite hostname="Ramanpreets-MBP.lan" failures="0" tests="3" name="SGS.SportsGearSwag.ErrorValidation" time="46.954" errors="0" timestamp="2024-08-29T16:15:03 IST" skipped="0">
  <testcase classname="SGS.SportsGearSwag.ErrorValidation" name="UserForgotPassword" time="15.225"/>
  <testcase classname="SGS.SportsGearSwag.ErrorValidation" name="LoginValidation" time="6.979"/>
  <testcase classname="SGS.SportsGearSwag.ErrorValidation" name="Singup" time="24.750"/>
</testsuite> <!-- SGS.SportsGearSwag.ErrorValidation -->
