<?xml version="1.0" encoding="UTF-8"?>
<!-- Generated by org.testng.reporters.JUnitReportReporter -->
<testsuite hostname="Ramanpreets-MBP.lan" failures="0" tests="1" name="SGS.SportsGearSwag.SubmitOrderTest" time="168.781" errors="0" timestamp="2024-09-02T16:34:30 IST" skipped="0">
  <testcase classname="SGS.SportsGearSwag.SubmitOrderTest" name="submitOrder" time="168.781"/>
</testsuite> <!-- SGS.SportsGearSwag.SubmitOrderTest -->
