<?xml version="1.0" encoding="UTF-8"?>
<!-- Generated by org.testng.reporters.JUnitReportReporter -->
<testsuite hostname="DESKTOP-JOJOF1I" failures="0" tests="1" name="SGS.SportsGearSwag.AccountDashboard" time="30.774" errors="0" timestamp="2024-04-26T15:10:28 IST" skipped="0">
  <testcase classname="SGS.SportsGearSwag.AccountDashboard" name="Dashboard" time="30.774"/>
</testsuite> <!-- SGS.SportsGearSwag.AccountDashboard -->
