<?xml version="1.0" encoding="UTF-8"?>
<!-- Generated by org.testng.reporters.JUnitReportReporter -->
<testsuite hostname="Ramanpreets-MBP.lan" failures="0" tests="1" name="SGS.SportsGearSwag.SubmitOrderTest" time="131.130" errors="0" timestamp="2024-08-26T16:15:22 IST" skipped="0">
  <testcase classname="SGS.SportsGearSwag.SubmitOrderTest" name="submitOrder" time="131.130"/>
</testsuite> <!-- SGS.SportsGearSwag.SubmitOrderTest -->
