<?xml version="1.0" encoding="UTF-8"?>
<!-- Generated by org.testng.reporters.JUnitReportReporter -->
<testsuite hostname="Ramanpreets-MBP.lan" failures="0" tests="1" name="SGS.SportsGearSwag.SubmitOrderTest" time="91.878" errors="0" timestamp="2024-08-29T17:09:44 IST" skipped="0">
  <testcase classname="SGS.SportsGearSwag.SubmitOrderTest" name="submitOrder" time="91.878"/>
</testsuite> <!-- SGS.SportsGearSwag.SubmitOrderTest -->
