<?xml version="1.0" encoding="UTF-8"?>
<!-- Generated by org.testng.reporters.JUnitReportReporter -->
<testsuite hostname="DESKTOP-JOJOF1I" failures="0" tests="1" name="SGS.SportsGearSwag.invokeBrowser" time="17.856" errors="0" timestamp="2024-04-03T15:42:36 IST" skipped="0">
  <testcase classname="SGS.SportsGearSwag.invokeBrowser" name="calling" time="17.856"/>
</testsuite> <!-- SGS.SportsGearSwag.invokeBrowser -->
