<?xml version="1.0" encoding="UTF-8"?>
<!-- Generated by org.testng.reporters.JUnitReportReporter -->
<testsuite hostname="Ramanpreets-MBP.lan" failures="0" tests="3" name="SGS.SportsGearSwag.ErrorValidation" time="48.060" errors="0" timestamp="2024-09-13T12:04:18 IST" skipped="0">
  <testcase classname="SGS.SportsGearSwag.ErrorValidation" name="UserForgotPassword" time="13.658"/>
  <system-out/>
  <testcase classname="SGS.SportsGearSwag.ErrorValidation" name="LoginValidation" time="12.248"/>
  <system-out/>
  <testcase classname="SGS.SportsGearSwag.ErrorValidation" name="Singup" time="22.154"/>
  <system-out/>
</testsuite> <!-- SGS.SportsGearSwag.ErrorValidation -->
